0 info it worked if it ends with ok
1 verbose cli [ 'e:\\Program Files\\nodejs\\node.exe',
1 verbose cli   'e:\\Program Files\\nodejs\\node_modules\\npm\\bin\\npm-cli.js',
1 verbose cli   'install',
1 verbose cli   '-g',
1 verbose cli   'generator-angulargrunt',
1 verbose cli   'build' ]
2 info using npm@1.3.24
3 info using node@v0.10.25
4 verbose cache add [ 'generator-angulargrunt', null ]
5 verbose cache add name=undefined spec="generator-angulargrunt" args=["generator-angulargrunt",null]
6 verbose parsed url { protocol: null,
6 verbose parsed url   slashes: null,
6 verbose parsed url   auth: null,
6 verbose parsed url   host: null,
6 verbose parsed url   port: null,
6 verbose parsed url   hostname: null,
6 verbose parsed url   hash: null,
6 verbose parsed url   search: null,
6 verbose parsed url   query: null,
6 verbose parsed url   pathname: 'generator-angulargrunt',
6 verbose parsed url   path: 'generator-angulargrunt',
6 verbose parsed url   href: 'generator-angulargrunt' }
7 verbose cache add [ 'build', null ]
8 verbose cache add name=undefined spec="build" args=["build",null]
9 verbose parsed url { protocol: null,
9 verbose parsed url   slashes: null,
9 verbose parsed url   auth: null,
9 verbose parsed url   host: null,
9 verbose parsed url   port: null,
9 verbose parsed url   hostname: null,
9 verbose parsed url   hash: null,
9 verbose parsed url   search: null,
9 verbose parsed url   query: null,
9 verbose parsed url   pathname: 'build',
9 verbose parsed url   path: 'build',
9 verbose parsed url   href: 'build' }
10 silly lockFile 3799892a-generator-angulargrunt generator-angulargrunt
11 verbose lock generator-angulargrunt C:\Users\Ean\AppData\Roaming\npm-cache\3799892a-generator-angulargrunt.lock
12 silly lockFile 80754af9-build build
13 verbose lock build C:\Users\Ean\AppData\Roaming\npm-cache\80754af9-build.lock
14 silly lockFile 3799892a-generator-angulargrunt generator-angulargrunt
15 silly lockFile 3799892a-generator-angulargrunt generator-angulargrunt
16 silly lockFile 80754af9-build build
17 silly lockFile 80754af9-build build
18 verbose addNamed [ 'generator-angulargrunt', '' ]
19 verbose addNamed [ null, '*' ]
20 silly lockFile d2b074d5-generator-angulargrunt generator-angulargrunt@
21 verbose lock generator-angulargrunt@ C:\Users\Ean\AppData\Roaming\npm-cache\d2b074d5-generator-angulargrunt.lock
22 verbose addNamed [ 'build', '' ]
23 verbose addNamed [ null, '*' ]
24 silly lockFile 3c353317-build build@
25 verbose lock build@ C:\Users\Ean\AppData\Roaming\npm-cache\3c353317-build.lock
26 silly addNameRange { name: 'generator-angulargrunt', range: '*', hasData: false }
27 silly addNameRange { name: 'build', range: '*', hasData: false }
28 verbose url raw generator-angulargrunt
29 verbose url resolving [ 'https://registry.npmjs.org/', './generator-angulargrunt' ]
30 verbose url resolved https://registry.npmjs.org/generator-angulargrunt
31 info trying registry request attempt 1 at 17:19:53
32 http GET https://registry.npmjs.org/generator-angulargrunt
33 verbose url raw build
34 verbose url resolving [ 'https://registry.npmjs.org/', './build' ]
35 verbose url resolved https://registry.npmjs.org/build
36 info trying registry request attempt 1 at 17:19:53
37 http GET https://registry.npmjs.org/build
38 http 200 https://registry.npmjs.org/build
39 silly registry.get cb [ 200,
39 silly registry.get   { date: 'Sun, 30 Mar 2014 21:19:54 GMT',
39 silly registry.get     server: 'CouchDB/1.5.0 (Erlang OTP/R14B04)',
39 silly registry.get     etag: '"888DWAIHG2RGK3Y3JX4VAPSRA"',
39 silly registry.get     'content-type': 'application/json',
39 silly registry.get     via: '1.1 varnish',
39 silly registry.get     'cache-control': 'max-age=1',
39 silly registry.get     'content-length': '4367',
39 silly registry.get     'accept-ranges': 'bytes',
39 silly registry.get     age: '0',
39 silly registry.get     'x-served-by': 'cache-v37-ASH, cache-d46-DAL',
39 silly registry.get     'x-cache': 'MISS, MISS',
39 silly registry.get     'x-cache-hits': '0, 0',
39 silly registry.get     'x-timer': 'S1396214394.355742931,VS0,VS18,VE115,VE132',
39 silly registry.get     vary: 'Accept',
39 silly registry.get     'keep-alive': 'timeout=10, max=50',
39 silly registry.get     connection: 'Keep-Alive' } ]
40 http 404 https://registry.npmjs.org/generator-angulargrunt
41 silly registry.get cb [ 404,
41 silly registry.get   { date: 'Sun, 30 Mar 2014 21:19:54 GMT',
41 silly registry.get     server: 'CouchDB/1.5.0 (Erlang OTP/R14B04)',
41 silly registry.get     'content-type': 'application/json',
41 silly registry.get     via: '1.1 varnish',
41 silly registry.get     'cache-control': 'max-age=0',
41 silly registry.get     'content-length': '52',
41 silly registry.get     'accept-ranges': 'bytes',
41 silly registry.get     age: '0',
41 silly registry.get     'x-served-by': 'cache-v37-ASH, cache-d96-DAL',
41 silly registry.get     'x-cache': 'MISS, MISS',
41 silly registry.get     'x-cache-hits': '0, 0',
41 silly registry.get     'x-timer': 'S1396214394.364007711,VS0,VS18,VE115,VE131',
41 silly registry.get     'keep-alive': 'timeout=10, max=50',
41 silly registry.get     connection: 'Keep-Alive' } ]
42 silly lockFile d2b074d5-generator-angulargrunt generator-angulargrunt@
43 silly lockFile d2b074d5-generator-angulargrunt generator-angulargrunt@
44 error 404 'generator-angulargrunt' is not in the npm registry.
44 error 404 You should bug the author to publish it
44 error 404
44 error 404 Note that you can also install from a
44 error 404 tarball, folder, or http url, or git url.
45 error System Windows_NT 6.2.9200
46 error command "e:\\Program Files\\nodejs\\node.exe" "e:\\Program Files\\nodejs\\node_modules\\npm\\bin\\npm-cli.js" "install" "-g" "generator-angulargrunt" "build"
47 error cwd E:\wamp\www\solved
48 error node -v v0.10.25
49 error npm -v 1.3.24
50 error code E404
51 verbose exit [ 1, true ]
